<?xml version="1.0" encoding="UTF-8"?>
<!-- Generated by org.testng.reporters.JUnitReportReporter -->
<testsuite hostname="Prithvis-MacBook-Air.local" failures="0" tests="1" name="TestNg.TestRegistrationAndLoginSuite" time="4.646" errors="0" timestamp="2025-03-05T17:49:50 IST" skipped="0">
  <testcase classname="TestNg.TestRegistrationAndLoginSuite" name="registerUser" time="4.646"/>
</testsuite> <!-- TestNg.TestRegistrationAndLoginSuite -->
